|**************|2019-02-15 20:13|**************|
Genererat fonts
|**************|2019-02-15 20:13|**************|
404 error: https://www.taxikanalen.se/wp-content/themes/Divi/core/admin/fonts/modules.woff2 
Useragent: 
The IP: 142.93.109.25
|**************|2019-02-15 20:13|**************|
Empty, trying again: https://www.taxikanalen.se/
|**************|2019-02-15 20:13|**************|
Crawled and extracted inline data https://www.taxikanalen.se/
|**************|2019-02-15 20:13|**************|
Crawled and extracted inline data https://www.taxikanalen.se/integritetspolicy/
|**************|2019-02-15 20:13|**************|
Crawl https://www.taxikanalen.se/
|**************|2019-02-15 20:13|**************|
File size: before: 44940 after: 41057 inline: 197
|**************|2019-02-15 20:13|**************|
Inserted inline script
|**************|2019-02-15 20:13|**************|
Crawled and inserted new https://www.taxikanalen.se/
|**************|2019-02-15 20:13|**************|
Crawl https://www.taxikanalen.se/integritetspolicy/
|**************|2019-02-15 20:13|**************|
File size: before: 19149 after: 17651 inline: 197
|**************|2019-02-15 20:13|**************|
Inserted inline script
|**************|2019-02-15 20:13|**************|
Crawled and inserted new https://www.taxikanalen.se/integritetspolicy/
|**************|2019-02-15 20:16|**************|
Genererat fonts
|**************|2019-02-15 20:16|**************|
404 error: https://www.taxikanalen.se/wp-content/themes/Divi/core/admin/fonts/modules.woff2 
Useragent: 
The IP: 142.93.109.25
|**************|2019-02-15 20:16|**************|
Empty, trying again: https://www.taxikanalen.se/
|**************|2019-02-15 20:16|**************|
Crawled and extracted inline data https://www.taxikanalen.se/
|**************|2019-02-15 20:16|**************|
Crawled and extracted inline data https://www.taxikanalen.se/integritetspolicy/
|**************|2019-02-15 20:16|**************|
Crawl https://www.taxikanalen.se/
|**************|2019-02-15 20:16|**************|
File size: before: 44940 after: 41057 inline: 197
|**************|2019-02-15 20:16|**************|
Inserted inline script
|**************|2019-02-15 20:16|**************|
Crawled and inserted new https://www.taxikanalen.se/
|**************|2019-02-15 20:16|**************|
Crawl https://www.taxikanalen.se/integritetspolicy/
|**************|2019-02-15 20:16|**************|
File size: before: 19149 after: 17651 inline: 197
|**************|2019-02-15 20:16|**************|
Inserted inline script
|**************|2019-02-15 20:16|**************|
Crawled and inserted new https://www.taxikanalen.se/integritetspolicy/
|**************|2019-02-15 20:18|**************|
Genererat fonts
|**************|2019-02-15 20:18|**************|
Empty, trying again: https://www.taxikanalen.se/
|**************|2019-02-15 20:18|**************|
Crawled and extracted inline data https://www.taxikanalen.se/
|**************|2019-02-15 20:18|**************|
Crawled and extracted inline data https://www.taxikanalen.se/integritetspolicy/
|**************|2019-02-15 20:18|**************|
Crawl https://www.taxikanalen.se/
|**************|2019-02-15 20:18|**************|
File size: before: 44940 after: 41057 inline: 197
|**************|2019-02-15 20:18|**************|
Inserted inline script
|**************|2019-02-15 20:18|**************|
Crawled and inserted new https://www.taxikanalen.se/
|**************|2019-02-15 20:18|**************|
Crawl https://www.taxikanalen.se/integritetspolicy/
|**************|2019-02-15 20:18|**************|
File size: before: 19149 after: 17651 inline: 197
|**************|2019-02-15 20:18|**************|
Inserted inline script
|**************|2019-02-15 20:18|**************|
Crawled and inserted new https://www.taxikanalen.se/integritetspolicy/
|**************|2019-02-15 20:24|**************|
Genererat fonts
|**************|2019-02-15 21:09|**************|
Genererat fonts
|**************|2019-02-15 21:09|**************|
Empty, trying again: https://www.taxikanalen.se/
|**************|2019-02-15 21:09|**************|
Crawled and extracted inline data https://www.taxikanalen.se/
|**************|2019-02-15 21:09|**************|
Crawled and extracted inline data https://www.taxikanalen.se/integritetspolicy/
|**************|2019-02-15 21:09|**************|
Crawl https://www.taxikanalen.se/
|**************|2019-02-15 21:09|**************|
File size: before: 44940 after: 41057 inline: 197
|**************|2019-02-15 21:09|**************|
Inserted inline script
|**************|2019-02-15 21:09|**************|
Crawled and inserted new https://www.taxikanalen.se/
|**************|2019-02-15 21:09|**************|
Crawl https://www.taxikanalen.se/integritetspolicy/
|**************|2019-02-15 21:09|**************|
File size: before: 19149 after: 17651 inline: 197
|**************|2019-02-15 21:09|**************|
Inserted inline script
|**************|2019-02-15 21:09|**************|
Crawled and inserted new https://www.taxikanalen.se/integritetspolicy/
|**************|2019-02-16 01:47|**************|
404 error: http://www.taxikanalen.se/oihfoe09fposf.php 
Useragent: Mozilla/5.0 (Windows NT 6.1; WOW64) AppleWebKit/537.36 (KHTML, like Gecko) Chrome/50.0.2661.75 Safari/537.36
The IP: 62.210.252.196
|**************|2019-02-16 08:20|**************|
404 error: http://www.taxikanalen.se/th1s_1s_a_4o4.html 
Useragent: Mozilla/5.0 (compatible; MSIE 9.0; Windows NT 6.1; WOW64; Trident/6.0)
The IP: 184.154.36.175
|**************|2019-02-16 08:20|**************|
404 error: https://www.taxikanalen.se/admin 
Useragent: SiteLockSpider [en] (WinNT; I ;Nav)
The IP: 184.154.36.175
|**************|2019-02-16 08:21|**************|
404 error: https://www.taxikanalen.se/manifest.json 
Useragent: SiteLockSpider [en] (WinNT; I ;Nav)
The IP: 184.154.36.175
|**************|2019-02-16 08:21|**************|
404 error: https://www.taxikanalen.se/css/fontawesome-all.min.css 
Useragent: Mozilla/5.0 (compatible; MSIE 9.0; Windows NT 6.1; WOW64; Trident/6.0)
The IP: 184.154.36.175
|**************|2019-02-16 08:21|**************|
404 error: https://www.taxikanalen.se/js/jquery-3.3.1.min.js 
Useragent: Mozilla/5.0 (compatible; MSIE 9.0; Windows NT 6.1; WOW64; Trident/6.0)
The IP: 184.154.36.175
|**************|2019-02-16 09:05|**************|
404 error: http://www.taxikanalen.se/wordpress/wp-login.php 
Useragent: Mozilla/5.0 (X11; Ubuntu; Linux x86_64; rv:62.0) Gecko/20100101 Firefox/62.0
The IP: 174.64.72.211
|**************|2019-02-17 08:23|**************|
404 error: http://www.taxikanalen.se/th1s_1s_a_4o4.html 
Useragent: Mozilla/5.0 (compatible; MSIE 9.0; Windows NT 6.1; WOW64; Trident/6.0)
The IP: 184.154.36.175
|**************|2019-02-17 08:23|**************|
404 error: https://www.taxikanalen.se/admin 
Useragent: SiteLockSpider [en] (WinNT; I ;Nav)
The IP: 184.154.36.175
|**************|2019-02-17 08:24|**************|
404 error: https://www.taxikanalen.se/manifest.json 
Useragent: SiteLockSpider [en] (WinNT; I ;Nav)
The IP: 184.154.36.175
|**************|2019-02-17 08:24|**************|
404 error: https://www.taxikanalen.se/css/fontawesome-all.min.css 
Useragent: Mozilla/5.0 (compatible; MSIE 9.0; Windows NT 6.1; WOW64; Trident/6.0)
The IP: 184.154.36.175
|**************|2019-02-17 08:24|**************|
404 error: https://www.taxikanalen.se/js/jquery-3.3.1.min.js 
Useragent: Mozilla/5.0 (compatible; MSIE 9.0; Windows NT 6.1; WOW64; Trident/6.0)
The IP: 184.154.36.175
|**************|2019-02-17 14:23|**************|
404 error: http://www.taxikanalen.se/wp-content/plugins/wp-cache.php 
Useragent: Mozilla/4.0 (compatible; MSIE 6.0; Windows NT 5.1; SV1)
The IP: 83.171.253.220
|**************|2019-02-18 08:24|**************|
404 error: http://www.taxikanalen.se/th1s_1s_a_4o4.html 
Useragent: Mozilla/5.0 (compatible; MSIE 9.0; Windows NT 6.1; WOW64; Trident/6.0)
The IP: 184.154.36.175
|**************|2019-02-18 08:24|**************|
404 error: https://www.taxikanalen.se/admin 
Useragent: SiteLockSpider [en] (WinNT; I ;Nav)
The IP: 184.154.36.175
|**************|2019-02-18 08:24|**************|
404 error: https://www.taxikanalen.se/manifest.json 
Useragent: SiteLockSpider [en] (WinNT; I ;Nav)
The IP: 184.154.36.175
|**************|2019-02-18 08:24|**************|
404 error: https://www.taxikanalen.se/css/fontawesome-all.min.css 
Useragent: Mozilla/5.0 (compatible; MSIE 9.0; Windows NT 6.1; WOW64; Trident/6.0)
The IP: 184.154.36.175
|**************|2019-02-18 08:24|**************|
404 error: https://www.taxikanalen.se/js/jquery-3.3.1.min.js 
Useragent: Mozilla/5.0 (compatible; MSIE 9.0; Windows NT 6.1; WOW64; Trident/6.0)
The IP: 184.154.36.175
